This is XeTeX, Version 3.14159265-2.6-0.99999 (MiKTeX 2.9.6840 64-bit) (preloaded format=xelatex 2018.11.6)  2 DEC 2018 13:15
entering extended mode
**"./Aadil Glasswala Resume.tex"
("Aadil Glasswala Resume.tex"
LaTeX2e <2018-04-01> patch level 5

("C:\Users\aglas\AppData\Local\Programs\MiKTeX 2.9\tex\latex\moderncv\moderncv.
cls"
Document Class: moderncv 2015/07/28 v2.0.0 modern curriculum vitae and letter d
ocument class
("C:\Users\aglas\AppData\Local\Programs\MiKTeX 2.9\tex\latex\base\size11.clo"
File: size11.clo 2014/09/29 v1.4h Standard LaTeX file (size option)
)
("C:\Users\aglas\AppData\Local\Programs\MiKTeX 2.9\tex\latex\etoolbox\etoolbox.
sty"
Package: etoolbox 2018/08/19 v2.5f e-TeX tools for LaTeX (JAW)
\etb@tempcnta=\count80
)
("C:\Users\aglas\AppData\Local\Programs\MiKTeX 2.9\tex\latex\base\ifthen.sty"
Package: ifthen 2014/09/29 v1.1c Standard LaTeX ifthen package (DPC)
)
("C:\Users\aglas\AppData\Local\Programs\MiKTeX 2.9\tex\latex\xcolor\xcolor.sty"
Package: xcolor 2016/05/11 v2.12 LaTeX color extensions (UK)

("C:\Users\aglas\AppData\Local\Programs\MiKTeX 2.9\tex\latex\graphics-cfg\color
.cfg"
File: color.cfg 2016/01/02 v1.6 sample color configuration
)
Package xcolor Info: Driver file: xetex.def on input line 225.

("C:\Users\aglas\AppData\Local\Programs\MiKTeX 2.9\tex\latex\graphics-def\xetex
.def"
File: xetex.def 2017/06/24 v5.0h Graphics/color driver for xetex
)
("C:\Users\aglas\AppData\Local\Programs\MiKTeX 2.9\tex\latex\colortbl\colortbl.
sty"
Package: colortbl 2018/05/02 v1.0c Color table columns (DPC)

("C:\Users\aglas\AppData\Local\Programs\MiKTeX 2.9\tex\latex\tools\array.sty"
Package: array 2018/04/30 v2.4h Tabular extension package (FMi)
\col@sep=\dimen102
\ar@mcellbox=\box26
\extrarowheight=\dimen103
\NC@list=\toks14
\extratabsurround=\skip41
\backup@length=\skip42
\ar@cellbox=\box27
)
\everycr=\toks15
\minrowclearance=\skip43
)
\rownum=\count81
Package xcolor Info: Model `cmy' substituted by `cmy0' on input line 1348.
Package xcolor Info: Model `RGB' extended on input line 1364.
Package xcolor Info: Model `HTML' substituted by `rgb' on input line 1366.
Package xcolor Info: Model `Hsb' substituted by `hsb' on input line 1367.
Package xcolor Info: Model `tHsb' substituted by `hsb' on input line 1368.
Package xcolor Info: Model `HSB' substituted by `hsb' on input line 1369.
Package xcolor Info: Model `Gray' substituted by `gray' on input line 1370.
Package xcolor Info: Model `wave' substituted by `hsb' on input line 1371.
)
("C:\Users\aglas\AppData\Local\Programs\MiKTeX 2.9\tex\generic\ifxetex\ifxetex.
sty"
Package: ifxetex 2010/09/12 v0.6 Provides ifxetex conditional
)
("C:\Users\aglas\AppData\Local\Programs\MiKTeX 2.9\tex\generic\oberdiek\ifluate
x.sty"
Package: ifluatex 2016/05/16 v1.4 Provides the ifluatex switch (HO)
Package ifluatex Info: LuaTeX not detected.
)
("C:\Users\aglas\AppData\Local\Programs\MiKTeX 2.9\tex\latex\base\fontenc.sty"
Package: fontenc 2017/04/05 v2.0i Standard LaTeX package

("C:\Users\aglas\AppData\Local\Programs\MiKTeX 2.9\tex\latex\base\t1enc.def"
File: t1enc.def 2017/04/05 v2.0i Standard LaTeX file
LaTeX Font Info:    Redeclaring font encoding T1 on input line 48.
)
LaTeX Font Info:    Try loading font information for T1+lmr on input line 105.

("C:\Users\aglas\AppData\Local\Programs\MiKTeX 2.9\tex\latex\lm\t1lmr.fd"
File: t1lmr.fd 2009/10/30 v1.6 Font defs for Latin Modern
))
("C:\Users\aglas\AppData\Local\Programs\MiKTeX 2.9\tex\latex\lm\lmodern.sty"
Package: lmodern 2009/10/30 v1.6 Latin Modern Fonts
LaTeX Font Info:    Overwriting symbol font `operators' in version `normal'
(Font)                  OT1/cmr/m/n --> OT1/lmr/m/n on input line 22.
LaTeX Font Info:    Overwriting symbol font `letters' in version `normal'
(Font)                  OML/cmm/m/it --> OML/lmm/m/it on input line 23.
LaTeX Font Info:    Overwriting symbol font `symbols' in version `normal'
(Font)                  OMS/cmsy/m/n --> OMS/lmsy/m/n on input line 24.
LaTeX Font Info:    Overwriting symbol font `largesymbols' in version `normal'
(Font)                  OMX/cmex/m/n --> OMX/lmex/m/n on input line 25.
LaTeX Font Info:    Overwriting symbol font `operators' in version `bold'
(Font)                  OT1/cmr/bx/n --> OT1/lmr/bx/n on input line 26.
LaTeX Font Info:    Overwriting symbol font `letters' in version `bold'
(Font)                  OML/cmm/b/it --> OML/lmm/b/it on input line 27.
LaTeX Font Info:    Overwriting symbol font `symbols' in version `bold'
(Font)                  OMS/cmsy/b/n --> OMS/lmsy/b/n on input line 28.
LaTeX Font Info:    Overwriting symbol font `largesymbols' in version `bold'
(Font)                  OMX/cmex/m/n --> OMX/lmex/m/n on input line 29.
LaTeX Font Info:    Overwriting math alphabet `\mathbf' in version `normal'
(Font)                  OT1/cmr/bx/n --> OT1/lmr/bx/n on input line 31.
LaTeX Font Info:    Overwriting math alphabet `\mathsf' in version `normal'
(Font)                  OT1/cmss/m/n --> OT1/lmss/m/n on input line 32.
LaTeX Font Info:    Overwriting math alphabet `\mathit' in version `normal'
(Font)                  OT1/cmr/m/it --> OT1/lmr/m/it on input line 33.
LaTeX Font Info:    Overwriting math alphabet `\mathtt' in version `normal'
(Font)                  OT1/cmtt/m/n --> OT1/lmtt/m/n on input line 34.
LaTeX Font Info:    Overwriting math alphabet `\mathbf' in version `bold'
(Font)                  OT1/cmr/bx/n --> OT1/lmr/bx/n on input line 35.
LaTeX Font Info:    Overwriting math alphabet `\mathsf' in version `bold'
(Font)                  OT1/cmss/bx/n --> OT1/lmss/bx/n on input line 36.
LaTeX Font Info:    Overwriting math alphabet `\mathit' in version `bold'
(Font)                  OT1/cmr/bx/it --> OT1/lmr/bx/it on input line 37.
LaTeX Font Info:    Overwriting math alphabet `\mathtt' in version `bold'
(Font)                  OT1/cmtt/m/n --> OT1/lmtt/m/n on input line 38.
)
("C:\Users\aglas\AppData\Local\Programs\MiKTeX 2.9\tex\latex\url\url.sty"
\Urlmuskip=\muskip10
Package: url 2013/09/16  ver 3.4  Verb mode for urls, etc.
)
("C:\Users\aglas\AppData\Local\Programs\MiKTeX 2.9\tex\latex\graphics\graphicx.
sty"
Package: graphicx 2017/06/01 v1.1a Enhanced LaTeX Graphics (DPC,SPQR)

("C:\Users\aglas\AppData\Local\Programs\MiKTeX 2.9\tex\latex\graphics\keyval.st
y"
Package: keyval 2014/10/28 v1.15 key=value parser (DPC)
\KV@toks@=\toks16
)
("C:\Users\aglas\AppData\Local\Programs\MiKTeX 2.9\tex\latex\graphics\graphics.
sty"
Package: graphics 2017/06/25 v1.2c Standard LaTeX Graphics (DPC,SPQR)

("C:\Users\aglas\AppData\Local\Programs\MiKTeX 2.9\tex\latex\graphics\trig.sty"
Package: trig 2016/01/03 v1.10 sin cos tan (DPC)
)
("C:\Users\aglas\AppData\Local\Programs\MiKTeX 2.9\tex\latex\graphics-cfg\graph
ics.cfg"
File: graphics.cfg 2016/06/04 v1.11 sample graphics configuration
)
Package graphics Info: Driver file: xetex.def on input line 99.
)
\Gin@req@height=\dimen104
\Gin@req@width=\dimen105
)
("C:\Users\aglas\AppData\Local\Programs\MiKTeX 2.9\tex\latex\fancyhdr\fancyhdr.
sty"
Package: fancyhdr 2017/06/30 v3.9a Extensive control of page headers and footer
s
\f@nch@headwidth=\skip44
\f@nch@O@elh=\skip45
\f@nch@O@erh=\skip46
\f@nch@O@olh=\skip47
\f@nch@O@orh=\skip48
\f@nch@O@elf=\skip49
\f@nch@O@erf=\skip50
\f@nch@O@olf=\skip51
\f@nch@O@orf=\skip52
)
("C:\Users\aglas\AppData\Local\Programs\MiKTeX 2.9\tex\latex\moderncv\tweaklist
.sty")
("C:\Users\aglas\AppData\Local\Programs\MiKTeX 2.9\tex\latex\tools\calc.sty"
Package: calc 2017/05/25 v4.3 Infix arithmetic (KKT,FJ)
\calc@Acount=\count82
\calc@Bcount=\count83
\calc@Adimen=\dimen106
\calc@Bdimen=\dimen107
\calc@Askip=\skip53
\calc@Bskip=\skip54
LaTeX Info: Redefining \setlength on input line 80.
LaTeX Info: Redefining \addtolength on input line 81.
\calc@Ccount=\count84
\calc@Cskip=\skip55
)
("C:\Users\aglas\AppData\Local\Programs\MiKTeX 2.9\tex\latex\l3packages\xparse\
xparse.sty"
("C:\Users\aglas\AppData\Local\Programs\MiKTeX 2.9\tex\latex\l3kernel\expl3.sty
"
Package: expl3 2018-10-31 L3 programming layer (loader) 

("C:\Users\aglas\AppData\Local\Programs\MiKTeX 2.9\tex\latex\l3kernel\expl3-cod
e.tex"
Package: expl3 2018-10-31 L3 programming layer (code)
\c_max_int=\count85
\l_tmpa_int=\count86
\l_tmpb_int=\count87
\g_tmpa_int=\count88
\g_tmpb_int=\count89
\g__kernel_prg_map_int=\count90
\c_log_iow=\count91
\l_iow_line_count_int=\count92
\l__iow_line_target_int=\count93
\l__iow_one_indent_int=\count94
\l__iow_indent_int=\count95
\c_zero_dim=\dimen108
\c_max_dim=\dimen109
\l_tmpa_dim=\dimen110
\l_tmpb_dim=\dimen111
\g_tmpa_dim=\dimen112
\g_tmpb_dim=\dimen113
\c_zero_skip=\skip56
\c_max_skip=\skip57
\l_tmpa_skip=\skip58
\l_tmpb_skip=\skip59
\g_tmpa_skip=\skip60
\g_tmpb_skip=\skip61
\c_zero_muskip=\muskip11
\c_max_muskip=\muskip12
\l_tmpa_muskip=\muskip13
\l_tmpb_muskip=\muskip14
\g_tmpa_muskip=\muskip15
\g_tmpb_muskip=\muskip16
\l_keys_choice_int=\count96
\l__intarray_loop_int=\count97
\c__intarray_sp_dim=\dimen114
\g__intarray_font_int=\count98
\c__fp_leading_shift_int=\count99
\c__fp_middle_shift_int=\count100
\c__fp_trailing_shift_int=\count101
\c__fp_big_leading_shift_int=\count102
\c__fp_big_middle_shift_int=\count103
\c__fp_big_trailing_shift_int=\count104
\c__fp_Bigg_leading_shift_int=\count105
\c__fp_Bigg_middle_shift_int=\count106
\c__fp_Bigg_trailing_shift_int=\count107
\g__fp_array_int=\count108
\l__fp_array_loop_int=\count109
\l__sort_length_int=\count110
\l__sort_min_int=\count111
\l__sort_top_int=\count112
\l__sort_max_int=\count113
\l__sort_true_max_int=\count114
\l__sort_block_int=\count115
\l__sort_begin_int=\count116
\l__sort_end_int=\count117
\l__sort_A_int=\count118
\l__sort_B_int=\count119
\l__sort_C_int=\count120
\l__tl_analysis_normal_int=\count121
\l__tl_analysis_index_int=\count122
\l__tl_analysis_nesting_int=\count123
\l__tl_analysis_type_int=\count124
\l__regex_internal_a_int=\count125
\l__regex_internal_b_int=\count126
\l__regex_internal_c_int=\count127
\l__regex_balance_int=\count128
\l__regex_group_level_int=\count129
\l__regex_mode_int=\count130
\c__regex_cs_in_class_mode_int=\count131
\c__regex_cs_mode_int=\count132
\l__regex_catcodes_int=\count133
\l__regex_default_catcodes_int=\count134
\c__regex_catcode_L_int=\count135
\c__regex_catcode_O_int=\count136
\c__regex_catcode_A_int=\count137
\c__regex_all_catcodes_int=\count138
\l__regex_show_lines_int=\count139
\l__regex_min_state_int=\count140
\l__regex_max_state_int=\count141
\l__regex_left_state_int=\count142
\l__regex_right_state_int=\count143
\l__regex_capturing_group_int=\count144
\l__regex_min_pos_int=\count145
\l__regex_max_pos_int=\count146
\l__regex_curr_pos_int=\count147
\l__regex_start_pos_int=\count148
\l__regex_success_pos_int=\count149
\l__regex_curr_char_int=\count150
\l__regex_curr_catcode_int=\count151
\l__regex_last_char_int=\count152
\l__regex_case_changed_char_int=\count153
\l__regex_curr_state_int=\count154
\l__regex_step_int=\count155
\l__regex_min_active_int=\count156
\l__regex_max_active_int=\count157
\l__regex_replacement_csnames_int=\count158
\l__regex_match_count_int=\count159
\l__regex_min_submatch_int=\count160
\l__regex_submatch_int=\count161
\l__regex_zeroth_submatch_int=\count162
\g__regex_trace_regex_int=\count163
\c_empty_box=\box28
\l_tmpa_box=\box29
\l_tmpb_box=\box30
\g_tmpa_box=\box31
\g_tmpb_box=\box32
\l__box_top_dim=\dimen115
\l__box_bottom_dim=\dimen116
\l__box_left_dim=\dimen117
\l__box_right_dim=\dimen118
\l__box_top_new_dim=\dimen119
\l__box_bottom_new_dim=\dimen120
\l__box_left_new_dim=\dimen121
\l__box_right_new_dim=\dimen122
\l__box_internal_box=\box33
\l__coffin_internal_box=\box34
\l__coffin_internal_dim=\dimen123
\l__coffin_offset_x_dim=\dimen124
\l__coffin_offset_y_dim=\dimen125
\l__coffin_x_dim=\dimen126
\l__coffin_y_dim=\dimen127
\l__coffin_x_prime_dim=\dimen128
\l__coffin_y_prime_dim=\dimen129
\c_empty_coffin=\box35
\l__coffin_aligned_coffin=\box36
\l__coffin_aligned_internal_coffin=\box37
\l_tmpa_coffin=\box38
\l_tmpb_coffin=\box39
\l__coffin_display_coffin=\box40
\l__coffin_display_coord_coffin=\box41
\l__coffin_display_pole_coffin=\box42
\l__coffin_display_offset_dim=\dimen130
\l__coffin_display_x_dim=\dimen131
\l__coffin_display_y_dim=\dimen132
\g__file_internal_ior=\read1
\l__coffin_bounding_shift_dim=\dimen133
\l__coffin_left_corner_dim=\dimen134
\l__coffin_right_corner_dim=\dimen135
\l__coffin_bottom_corner_dim=\dimen136
\l__coffin_top_corner_dim=\dimen137
\l__coffin_scaled_total_height_dim=\dimen138
\l__coffin_scaled_width_dim=\dimen139
)
("C:\Users\aglas\AppData\Local\Programs\MiKTeX 2.9\tex\latex\l3kernel\l3xdvipdf
mx.def"
File: l3xdvidpfmx.def 2018-10-31 v L3 Experimental driver: xdvipdfmx
\g__driver_image_int=\count164
\g__driver_pdf_object_int=\count165
))
Package: xparse 2018-10-17 L3 Experimental document command parser
\l__xparse_current_arg_int=\count166
\g__xparse_grabber_int=\count167
\l__xparse_m_args_int=\count168
\l__xparse_mandatory_args_int=\count169
\l__xparse_v_nesting_int=\count170
)
("C:\Users\aglas\AppData\Local\Programs\MiKTeX 2.9\tex\latex\microtype\microtyp
e.sty"
Package: microtype 2018/01/14 v2.7a Micro-typographical refinements (RS)
\MT@toks=\toks17
\MT@count=\count171
LaTeX Info: Redefining \textls on input line 793.
\MT@outer@kern=\dimen140
LaTeX Info: Redefining \textmicrotypecontext on input line 1339.
\MT@listname@count=\count172

("C:\Users\aglas\AppData\Local\Programs\MiKTeX 2.9\tex\latex\microtype\microtyp
e-xetex.def"
File: microtype-xetex.def 2018/01/14 v2.7a Definitions specific to xetex (RS)
LaTeX Info: Redefining \lsstyle on input line 256.
)
Package microtype Info: Loading configuration file microtype.cfg.

("C:\Users\aglas\AppData\Local\Programs\MiKTeX 2.9\tex\latex\microtype\microtyp
e.cfg"
File: microtype.cfg 2018/01/14 v2.7a microtype main configuration file (RS)
))
("C:\Users\aglas\AppData\Local\Programs\MiKTeX 2.9\tex\latex\moderncv\moderncvc
ollection.sty"
Package: moderncvcollection 2015/07/28 v2.0.0 moderncv collections
\c@collection@iterator=\count173
)
("C:\Users\aglas\AppData\Local\Programs\MiKTeX 2.9\tex\latex\moderncv\moderncvc
ompatibility.sty"
Package: moderncvcompatibility 2015/07/28 v2.0.0 modern curriculum vitae and le
tter compatibility patches
)
\c@collection@phones@count=\count174
\c@collection@socials@count=\count175
\c@cvcolumnscounter=\count176
\c@cvcolumnsautowidthcounter=\count177
\c@tmpiteratorcounter=\count178
\cvcolumnsdummywidth=\skip62
\cvcolumnswidth=\skip63
\cvcolumnsautowidth=\skip64
\cvcolumnautowidth=\skip65
\bibindent=\skip66
)
("C:\Users\aglas\AppData\Local\Programs\MiKTeX 2.9\tex\latex\fontspec\fontspec.
sty"
Package: fontspec 2018/07/30 vv2.6h Font selection for XeLaTeX and LuaLaTeX

("C:\Users\aglas\AppData\Local\Programs\MiKTeX 2.9\tex\latex\fontspec\fontspec-
xetex.sty"
Package: fontspec-xetex 2018/07/30 vv2.6h Font selection for XeLaTeX and LuaLaT
eX
\l__fontspec_script_int=\count179
\l__fontspec_language_int=\count180
\l__fontspec_strnum_int=\count181
\l__fontspec_tmp_int=\count182
\l__fontspec_em_int=\count183
\l__fontspec_emdef_int=\count184
\l__fontspec_strong_int=\count185
\l__fontspec_strongdef_int=\count186
\l__fontspec_tmpa_dim=\dimen141
\l__fontspec_tmpb_dim=\dimen142
\l__fontspec_tmpc_dim=\dimen143

("C:\Users\aglas\AppData\Local\Programs\MiKTeX 2.9\tex\latex\base\fontenc.sty"
Package: fontenc 2017/04/05 v2.0i Standard LaTeX package

("C:\Users\aglas\AppData\Local\Programs\MiKTeX 2.9\tex\latex\base\tuenc.def"
File: tuenc.def 2017/04/05 v2.0i Standard LaTeX file
LaTeX Font Info:    Redeclaring font encoding TU on input line 82.
))
("C:\Users\aglas\AppData\Local\Programs\MiKTeX 2.9\tex\latex\fontspec\fontspec.
cfg")
LaTeX Info: Redefining \itshape on input line 3910.
LaTeX Info: Redefining \slshape on input line 3915.
LaTeX Info: Redefining \scshape on input line 3920.
LaTeX Info: Redefining \upshape on input line 3925.
LaTeX Info: Redefining \em on input line 3955.
LaTeX Info: Redefining \emph on input line 3980.
LaTeX Info: Redefining \- on input line 4034.
))
("C:\Users\aglas\AppData\Local\Programs\MiKTeX 2.9\tex\latex\moderncv\moderncvc
olorblue.sty"
Package: moderncvcolorblue 2015/07/28 v2.0.0 modern curriculum vitae and letter
 color scheme: blue
)
("C:\Users\aglas\AppData\Local\Programs\MiKTeX 2.9\tex\latex\moderncv\moderncvs
tyleclassic.sty"
Package: moderncvstyleclassic 2015/07/28 v2.0.0 modern curriculum vitae and let
ter style scheme: classic

("C:\Users\aglas\AppData\Local\Programs\MiKTeX 2.9\tex\latex\moderncv\moderncvi
consmarvosym.sty"
Package: moderncviconsmarvosym 2015/07/28 v2.0.0 modern curriculum vitae and le
tter icons: marvosym

("C:\Users\aglas\AppData\Local\Programs\MiKTeX 2.9\tex\latex\pgf\frontendlayer\
tikz.sty"
("C:\Users\aglas\AppData\Local\Programs\MiKTeX 2.9\tex\latex\pgf\basiclayer\pgf
.sty"
("C:\Users\aglas\AppData\Local\Programs\MiKTeX 2.9\tex\latex\pgf\utilities\pgfr
cs.sty"
("C:\Users\aglas\AppData\Local\Programs\MiKTeX 2.9\tex\generic\pgf\utilities\pg
futil-common.tex"
\pgfutil@everybye=\toks18
\pgfutil@tempdima=\dimen144
\pgfutil@tempdimb=\dimen145

("C:\Users\aglas\AppData\Local\Programs\MiKTeX 2.9\tex\generic\pgf\utilities\pg
futil-common-lists.tex"))
("C:\Users\aglas\AppData\Local\Programs\MiKTeX 2.9\tex\generic\pgf\utilities\pg
futil-latex.def"
\pgfutil@abb=\box43

("C:\Users\aglas\AppData\Local\Programs\MiKTeX 2.9\tex\latex\ms\everyshi.sty"
Package: everyshi 2001/05/15 v3.00 EveryShipout Package (MS)
))
("C:\Users\aglas\AppData\Local\Programs\MiKTeX 2.9\tex\generic\pgf\utilities\pg
frcs.code.tex"
Package: pgfrcs 2015/08/07 v3.0.1a (rcs-revision 1.31)
))
Package: pgf 2015/08/07 v3.0.1a (rcs-revision 1.15)

("C:\Users\aglas\AppData\Local\Programs\MiKTeX 2.9\tex\latex\pgf\basiclayer\pgf
core.sty"
("C:\Users\aglas\AppData\Local\Programs\MiKTeX 2.9\tex\latex\pgf\systemlayer\pg
fsys.sty"
("C:\Users\aglas\AppData\Local\Programs\MiKTeX 2.9\tex\generic\pgf\systemlayer\
pgfsys.code.tex"
Package: pgfsys 2014/07/09 v3.0.1a (rcs-revision 1.48)

("C:\Users\aglas\AppData\Local\Programs\MiKTeX 2.9\tex\generic\pgf\utilities\pg
fkeys.code.tex"
\pgfkeys@pathtoks=\toks19
\pgfkeys@temptoks=\toks20

("C:\Users\aglas\AppData\Local\Programs\MiKTeX 2.9\tex\generic\pgf\utilities\pg
fkeysfiltered.code.tex"
\pgfkeys@tmptoks=\toks21
))
\pgf@x=\dimen146
\pgf@y=\dimen147
\pgf@xa=\dimen148
\pgf@ya=\dimen149
\pgf@xb=\dimen150
\pgf@yb=\dimen151
\pgf@xc=\dimen152
\pgf@yc=\dimen153
\w@pgf@writea=\write3
\r@pgf@reada=\read2
\c@pgf@counta=\count187
\c@pgf@countb=\count188
\c@pgf@countc=\count189
\c@pgf@countd=\count190
\t@pgf@toka=\toks22
\t@pgf@tokb=\toks23
\t@pgf@tokc=\toks24

("C:\Users\aglas\AppData\Local\Programs\MiKTeX 2.9\tex\generic\pgf\systemlayer\
pgf.cfg"
File: pgf.cfg 2008/05/14  (rcs-revision 1.7)
)
Driver file for pgf: pgfsys-xetex.def

("C:\Users\aglas\AppData\Local\Programs\MiKTeX 2.9\tex\generic\pgf\systemlayer\
pgfsys-xetex.def"
File: pgfsys-xetex.def 2014/07/09  (rcs-revision 1.11)

("C:\Users\aglas\AppData\Local\Programs\MiKTeX 2.9\tex\generic\pgf\systemlayer\
pgfsys-dvipdfmx.def"
File: pgfsys-dvipdfmx.def 2014/07/09  (rcs-revision 1.14)

("C:\Users\aglas\AppData\Local\Programs\MiKTeX 2.9\tex\generic\pgf\systemlayer\
pgfsys-common-pdf.def"
File: pgfsys-common-pdf.def 2013/10/10  (rcs-revision 1.13)
)
\pgfsys@objnum=\count191
)))
("C:\Users\aglas\AppData\Local\Programs\MiKTeX 2.9\tex\generic\pgf\systemlayer\
pgfsyssoftpath.code.tex"
File: pgfsyssoftpath.code.tex 2013/09/09  (rcs-revision 1.9)
\pgfsyssoftpath@smallbuffer@items=\count192
\pgfsyssoftpath@bigbuffer@items=\count193
)
("C:\Users\aglas\AppData\Local\Programs\MiKTeX 2.9\tex\generic\pgf\systemlayer\
pgfsysprotocol.code.tex"
File: pgfsysprotocol.code.tex 2006/10/16  (rcs-revision 1.4)
))
("C:\Users\aglas\AppData\Local\Programs\MiKTeX 2.9\tex\generic\pgf\basiclayer\p
gfcore.code.tex"
Package: pgfcore 2010/04/11 v3.0.1a (rcs-revision 1.7)

("C:\Users\aglas\AppData\Local\Programs\MiKTeX 2.9\tex\generic\pgf\math\pgfmath
.code.tex"
("C:\Users\aglas\AppData\Local\Programs\MiKTeX 2.9\tex\generic\pgf\math\pgfmath
calc.code.tex"
("C:\Users\aglas\AppData\Local\Programs\MiKTeX 2.9\tex\generic\pgf\math\pgfmath
util.code.tex")
("C:\Users\aglas\AppData\Local\Programs\MiKTeX 2.9\tex\generic\pgf\math\pgfmath
parser.code.tex"
\pgfmath@dimen=\dimen154
\pgfmath@count=\count194
\pgfmath@box=\box44
\pgfmath@toks=\toks25
\pgfmath@stack@operand=\toks26
\pgfmath@stack@operation=\toks27
)
("C:\Users\aglas\AppData\Local\Programs\MiKTeX 2.9\tex\generic\pgf\math\pgfmath
functions.code.tex"
("C:\Users\aglas\AppData\Local\Programs\MiKTeX 2.9\tex\generic\pgf\math\pgfmath
functions.basic.code.tex")
("C:\Users\aglas\AppData\Local\Programs\MiKTeX 2.9\tex\generic\pgf\math\pgfmath
functions.trigonometric.code.tex")
("C:\Users\aglas\AppData\Local\Programs\MiKTeX 2.9\tex\generic\pgf\math\pgfmath
functions.random.code.tex")
("C:\Users\aglas\AppData\Local\Programs\MiKTeX 2.9\tex\generic\pgf\math\pgfmath
functions.comparison.code.tex")
("C:\Users\aglas\AppData\Local\Programs\MiKTeX 2.9\tex\generic\pgf\math\pgfmath
functions.base.code.tex")
("C:\Users\aglas\AppData\Local\Programs\MiKTeX 2.9\tex\generic\pgf\math\pgfmath
functions.round.code.tex")
("C:\Users\aglas\AppData\Local\Programs\MiKTeX 2.9\tex\generic\pgf\math\pgfmath
functions.misc.code.tex")
("C:\Users\aglas\AppData\Local\Programs\MiKTeX 2.9\tex\generic\pgf\math\pgfmath
functions.integerarithmetics.code.tex")))
("C:\Users\aglas\AppData\Local\Programs\MiKTeX 2.9\tex\generic\pgf\math\pgfmath
float.code.tex"
\c@pgfmathroundto@lastzeros=\count195
))
("C:\Users\aglas\AppData\Local\Programs\MiKTeX 2.9\tex\generic\pgf\basiclayer\p
gfcorepoints.code.tex"
File: pgfcorepoints.code.tex 2013/10/07  (rcs-revision 1.27)
\pgf@picminx=\dimen155
\pgf@picmaxx=\dimen156
\pgf@picminy=\dimen157
\pgf@picmaxy=\dimen158
\pgf@pathminx=\dimen159
\pgf@pathmaxx=\dimen160
\pgf@pathminy=\dimen161
\pgf@pathmaxy=\dimen162
\pgf@xx=\dimen163
\pgf@xy=\dimen164
\pgf@yx=\dimen165
\pgf@yy=\dimen166
\pgf@zx=\dimen167
\pgf@zy=\dimen168
)
("C:\Users\aglas\AppData\Local\Programs\MiKTeX 2.9\tex\generic\pgf\basiclayer\p
gfcorepathconstruct.code.tex"
File: pgfcorepathconstruct.code.tex 2013/10/07  (rcs-revision 1.29)
\pgf@path@lastx=\dimen169
\pgf@path@lasty=\dimen170
)
("C:\Users\aglas\AppData\Local\Programs\MiKTeX 2.9\tex\generic\pgf\basiclayer\p
gfcorepathusage.code.tex"
File: pgfcorepathusage.code.tex 2014/11/02  (rcs-revision 1.24)
\pgf@shorten@end@additional=\dimen171
\pgf@shorten@start@additional=\dimen172
)
("C:\Users\aglas\AppData\Local\Programs\MiKTeX 2.9\tex\generic\pgf\basiclayer\p
gfcorescopes.code.tex"
File: pgfcorescopes.code.tex 2015/05/08  (rcs-revision 1.46)
\pgfpic=\box45
\pgf@hbox=\box46
\pgf@layerbox@main=\box47
\pgf@picture@serial@count=\count196
)
("C:\Users\aglas\AppData\Local\Programs\MiKTeX 2.9\tex\generic\pgf\basiclayer\p
gfcoregraphicstate.code.tex"
File: pgfcoregraphicstate.code.tex 2014/11/02  (rcs-revision 1.12)
\pgflinewidth=\dimen173
)
("C:\Users\aglas\AppData\Local\Programs\MiKTeX 2.9\tex\generic\pgf\basiclayer\p
gfcoretransformations.code.tex"
File: pgfcoretransformations.code.tex 2015/08/07  (rcs-revision 1.20)
\pgf@pt@x=\dimen174
\pgf@pt@y=\dimen175
\pgf@pt@temp=\dimen176
)
("C:\Users\aglas\AppData\Local\Programs\MiKTeX 2.9\tex\generic\pgf\basiclayer\p
gfcorequick.code.tex"
File: pgfcorequick.code.tex 2008/10/09  (rcs-revision 1.3)
)
("C:\Users\aglas\AppData\Local\Programs\MiKTeX 2.9\tex\generic\pgf\basiclayer\p
gfcoreobjects.code.tex"
File: pgfcoreobjects.code.tex 2006/10/11  (rcs-revision 1.2)
)
("C:\Users\aglas\AppData\Local\Programs\MiKTeX 2.9\tex\generic\pgf\basiclayer\p
gfcorepathprocessing.code.tex"
File: pgfcorepathprocessing.code.tex 2013/09/09  (rcs-revision 1.9)
)
("C:\Users\aglas\AppData\Local\Programs\MiKTeX 2.9\tex\generic\pgf\basiclayer\p
gfcorearrows.code.tex"
File: pgfcorearrows.code.tex 2015/05/14  (rcs-revision 1.43)
\pgfarrowsep=\dimen177
)
("C:\Users\aglas\AppData\Local\Programs\MiKTeX 2.9\tex\generic\pgf\basiclayer\p
gfcoreshade.code.tex"
File: pgfcoreshade.code.tex 2013/07/15  (rcs-revision 1.15)
\pgf@max=\dimen178
\pgf@sys@shading@range@num=\count197
)
("C:\Users\aglas\AppData\Local\Programs\MiKTeX 2.9\tex\generic\pgf\basiclayer\p
gfcoreimage.code.tex"
File: pgfcoreimage.code.tex 2013/07/15  (rcs-revision 1.18)

("C:\Users\aglas\AppData\Local\Programs\MiKTeX 2.9\tex\generic\pgf\basiclayer\p
gfcoreexternal.code.tex"
File: pgfcoreexternal.code.tex 2014/07/09  (rcs-revision 1.21)
\pgfexternal@startupbox=\box48
))
("C:\Users\aglas\AppData\Local\Programs\MiKTeX 2.9\tex\generic\pgf\basiclayer\p
gfcorelayers.code.tex"
File: pgfcorelayers.code.tex 2013/07/18  (rcs-revision 1.7)
)
("C:\Users\aglas\AppData\Local\Programs\MiKTeX 2.9\tex\generic\pgf\basiclayer\p
gfcoretransparency.code.tex"
File: pgfcoretransparency.code.tex 2013/09/30  (rcs-revision 1.5)
)
("C:\Users\aglas\AppData\Local\Programs\MiKTeX 2.9\tex\generic\pgf\basiclayer\p
gfcorepatterns.code.tex"
File: pgfcorepatterns.code.tex 2013/11/07  (rcs-revision 1.5)
)))
("C:\Users\aglas\AppData\Local\Programs\MiKTeX 2.9\tex\generic\pgf\modules\pgfm
oduleshapes.code.tex"
File: pgfmoduleshapes.code.tex 2014/03/21  (rcs-revision 1.35)
\pgfnodeparttextbox=\box49
)
("C:\Users\aglas\AppData\Local\Programs\MiKTeX 2.9\tex\generic\pgf\modules\pgfm
oduleplot.code.tex"
File: pgfmoduleplot.code.tex 2015/08/03  (rcs-revision 1.13)
)
("C:\Users\aglas\AppData\Local\Programs\MiKTeX 2.9\tex\latex\pgf\compatibility\
pgfcomp-version-0-65.sty"
Package: pgfcomp-version-0-65 2007/07/03 v3.0.1a (rcs-revision 1.7)
\pgf@nodesepstart=\dimen179
\pgf@nodesepend=\dimen180
)
("C:\Users\aglas\AppData\Local\Programs\MiKTeX 2.9\tex\latex\pgf\compatibility\
pgfcomp-version-1-18.sty"
Package: pgfcomp-version-1-18 2007/07/23 v3.0.1a (rcs-revision 1.1)
))
("C:\Users\aglas\AppData\Local\Programs\MiKTeX 2.9\tex\latex\pgf\utilities\pgff
or.sty"
("C:\Users\aglas\AppData\Local\Programs\MiKTeX 2.9\tex\latex\pgf\utilities\pgfk
eys.sty"
("C:\Users\aglas\AppData\Local\Programs\MiKTeX 2.9\tex\generic\pgf\utilities\pg
fkeys.code.tex"))
("C:\Users\aglas\AppData\Local\Programs\MiKTeX 2.9\tex\latex\pgf\math\pgfmath.s
ty"
("C:\Users\aglas\AppData\Local\Programs\MiKTeX 2.9\tex\generic\pgf\math\pgfmath
.code.tex"))
("C:\Users\aglas\AppData\Local\Programs\MiKTeX 2.9\tex\generic\pgf\utilities\pg
ffor.code.tex"
Package: pgffor 2013/12/13 v3.0.1a (rcs-revision 1.25)

("C:\Users\aglas\AppData\Local\Programs\MiKTeX 2.9\tex\generic\pgf\math\pgfmath
.code.tex")
\pgffor@iter=\dimen181
\pgffor@skip=\dimen182
\pgffor@stack=\toks28
\pgffor@toks=\toks29
))
("C:\Users\aglas\AppData\Local\Programs\MiKTeX 2.9\tex\generic\pgf\frontendlaye
r\tikz\tikz.code.tex"
Package: tikz 2015/08/07 v3.0.1a (rcs-revision 1.151)

("C:\Users\aglas\AppData\Local\Programs\MiKTeX 2.9\tex\generic\pgf\libraries\pg
flibraryplothandlers.code.tex"
File: pgflibraryplothandlers.code.tex 2013/08/31 v3.0.1a (rcs-revision 1.20)
\pgf@plot@mark@count=\count198
\pgfplotmarksize=\dimen183
)
\tikz@lastx=\dimen184
\tikz@lasty=\dimen185
\tikz@lastxsaved=\dimen186
\tikz@lastysaved=\dimen187
\tikzleveldistance=\dimen188
\tikzsiblingdistance=\dimen189
\tikz@figbox=\box50
\tikz@figbox@bg=\box51
\tikz@tempbox=\box52
\tikz@tempbox@bg=\box53
\tikztreelevel=\count199
\tikznumberofchildren=\count266
\tikznumberofcurrentchild=\count267
\tikz@fig@count=\count268

("C:\Users\aglas\AppData\Local\Programs\MiKTeX 2.9\tex\generic\pgf\modules\pgfm
odulematrix.code.tex"
File: pgfmodulematrix.code.tex 2013/09/17  (rcs-revision 1.8)
\pgfmatrixcurrentrow=\count269
\pgfmatrixcurrentcolumn=\count270
\pgf@matrix@numberofcolumns=\count271
)
\tikz@expandcount=\count272

("C:\Users\aglas\AppData\Local\Programs\MiKTeX 2.9\tex\generic\pgf\frontendlaye
r\tikz\libraries\tikzlibrarytopaths.code.tex"
File: tikzlibrarytopaths.code.tex 2008/06/17 v3.0.1a (rcs-revision 1.2)
))))
("C:\Users\aglas\AppData\Local\Programs\MiKTeX 2.9\tex\latex\moderncv\moderncvh
eadi.sty"

LaTeX Warning: You have requested package `moderncvheadi',
               but the package provides `moderncvheadi'.

Package: moderncvheadi 2015/07/28 v2.0.0 modern curriculum vitae and letter hea
der variant: 1
\quotewidth=\skip67
\makecvheadnamewidth=\skip68
)
("C:\Users\aglas\AppData\Local\Programs\MiKTeX 2.9\tex\latex\moderncv\moderncvb
odyi.sty"

LaTeX Warning: You have requested package `moderncvbodyi',
               but the package provides `moderncvbodyi'.

Package: moderncvbodyi 2015/07/28 v2.0.0 modern curriculum vitae and letter bod
y variant: 1
\hintscolumnwidth=\skip69
\separatorcolumnwidth=\skip70
\maincolumnwidth=\skip71
\doubleitemcolumnwidth=\skip72
\listitemsymbolwidth=\skip73
LaTeX Font Info:    Try loading font information for U+mvs on input line 46.
("C:\Users\aglas\AppData\Local\Programs\MiKTeX 2.9\tex\latex\marvosym\umvs.fd")
\listitemcolumnwidth=\skip74
\listdoubleitemcolumnwidth=\skip75
\baseletterheight=\skip76
\cvitemwithcommentbox=\box54
\cvitemwithcommentskilllength=\skip77
\cvitemwithcommentcommentlength=\skip78
))
("C:\Users\aglas\AppData\Local\Programs\MiKTeX 2.9\tex\latex\geometry\geometry.
sty"
Package: geometry 2018/04/16 v5.8 Page Geometry

("C:\Users\aglas\AppData\Local\Programs\MiKTeX 2.9\tex\generic\oberdiek\ifpdf.s
ty"
Package: ifpdf 2018/09/07 v3.3 Provides the ifpdf switch
)
("C:\Users\aglas\AppData\Local\Programs\MiKTeX 2.9\tex\generic\oberdiek\ifvtex.
sty"
Package: ifvtex 2016/05/16 v1.6 Detect VTeX and its facilities (HO)
Package ifvtex Info: VTeX not detected.
)
\Gm@cnth=\count273
\Gm@cntv=\count274
\c@Gm@tempcnt=\count275
\Gm@bindingoffset=\dimen190
\Gm@wd@mp=\dimen191
\Gm@odd@mp=\dimen192
\Gm@even@mp=\dimen193
\Gm@layoutwidth=\dimen194
\Gm@layoutheight=\dimen195
\Gm@layouthoffset=\dimen196
\Gm@layoutvoffset=\dimen197
\Gm@dimlist=\toks30

("C:\Users\aglas\AppData\Local\Programs\MiKTeX 2.9\tex\xelatex\xetexconfig\geom
etry.cfg"))
("C:\Users\aglas\AppData\Local\Programs\MiKTeX 2.9\tex\latex\base\fixltx2e.sty"
Package: fixltx2e 2016/12/29 v2.1a fixes to LaTeX (obsolete)
Applying: [2015/01/01] Old fixltx2e package on input line 46.

Package fixltx2e Warning: fixltx2e is not required with releases after 2015
(fixltx2e)                All fixes are now in the LaTeX kernel.
(fixltx2e)                See the latexrelease package for details.

Already applied: [0000/00/00] Old fixltx2e package on input line 53.
) ("C:\Users\aglas\AppData\Local\Programs\MiKTeX 2.9\tex\latex\base\inputenc.st
y"
Package: inputenc 2018/04/06 v1.3b Input encoding file
\inpenc@prehook=\toks31
\inpenc@posthook=\toks32


Package inputenc Warning: inputenc package ignored with utf8 based engines.

)
("C:\Users\aglas\AppData\Local\Programs\MiKTeX 2.9\tex\latex\hyperref\hyperref.
sty"
Package: hyperref 2018/09/30 v6.88a Hypertext links for LaTeX

("C:\Users\aglas\AppData\Local\Programs\MiKTeX 2.9\tex\generic\oberdiek\hobsub-
hyperref.sty"
Package: hobsub-hyperref 2016/05/16 v1.14 Bundle oberdiek, subset hyperref (HO)


("C:\Users\aglas\AppData\Local\Programs\MiKTeX 2.9\tex\generic\oberdiek\hobsub-
generic.sty"
Package: hobsub-generic 2016/05/16 v1.14 Bundle oberdiek, subset generic (HO)
Package: hobsub 2016/05/16 v1.14 Construct package bundles (HO)
Package: infwarerr 2016/05/16 v1.4 Providing info/warning/error messages (HO)
Package: ltxcmds 2016/05/16 v1.23 LaTeX kernel commands for general use (HO)
Package hobsub Info: Skipping package `ifluatex' (already loaded).
Package hobsub Info: Skipping package `ifvtex' (already loaded).
Package: intcalc 2016/05/16 v1.2 Expandable calculations with integers (HO)
Package hobsub Info: Skipping package `ifpdf' (already loaded).
Package: etexcmds 2016/05/16 v1.6 Avoid name clashes with e-TeX commands (HO)
Package etexcmds Info: Could not find \expanded.
(etexcmds)             That can mean that you are not using pdfTeX 1.50 or
(etexcmds)             that some package has redefined \expanded.
(etexcmds)             In the latter case, load this package earlier.
Package: kvsetkeys 2016/05/16 v1.17 Key value parser (HO)
Package: kvdefinekeys 2016/05/16 v1.4 Define keys (HO)
Package: pdftexcmds 2018/09/10 v0.29 Utility functions of pdfTeX for LuaTeX (HO
)
Package pdftexcmds Info: LuaTeX not detected.
Package pdftexcmds Info: pdfTeX >= 1.30 not detected.
Package pdftexcmds Info: \pdf@primitive is available.
Package pdftexcmds Info: \pdf@ifprimitive is available.
Package pdftexcmds Info: \pdfdraftmode not found.
Package: pdfescape 2016/05/16 v1.14 Implements pdfTeX's escape features (HO)
Package: bigintcalc 2016/05/16 v1.4 Expandable calculations on big integers (HO
)
Package: bitset 2016/05/16 v1.2 Handle bit-vector datatype (HO)
Package: uniquecounter 2016/05/16 v1.3 Provide unlimited unique counter (HO)
)
Package hobsub Info: Skipping package `hobsub' (already loaded).
Package: letltxmacro 2016/05/16 v1.5 Let assignment for LaTeX macros (HO)
Package: hopatch 2016/05/16 v1.3 Wrapper for package hooks (HO)
Package: xcolor-patch 2016/05/16 xcolor patch
Package: atveryend 2016/05/16 v1.9 Hooks at the very end of document (HO)
Package: atbegshi 2016/06/09 v1.18 At begin shipout hook (HO)
Package: refcount 2016/05/16 v3.5 Data extraction from label references (HO)
Package: hycolor 2016/05/16 v1.8 Color options for hyperref/bookmark (HO)
)
("C:\Users\aglas\AppData\Local\Programs\MiKTeX 2.9\tex\latex\oberdiek\auxhook.s
ty"
Package: auxhook 2016/05/16 v1.4 Hooks for auxiliary files (HO)
)
("C:\Users\aglas\AppData\Local\Programs\MiKTeX 2.9\tex\latex\oberdiek\kvoptions
.sty"
Package: kvoptions 2016/05/16 v3.12 Key value format for package options (HO)
)
\@linkdim=\dimen198
\Hy@linkcounter=\count276
\Hy@pagecounter=\count277

("C:\Users\aglas\AppData\Local\Programs\MiKTeX 2.9\tex\latex\hyperref\pd1enc.de
f"
File: pd1enc.def 2018/09/30 v6.88a Hyperref: PDFDocEncoding definition (HO)
)
\Hy@SavedSpaceFactor=\count278

("C:\Users\aglas\AppData\Local\Programs\MiKTeX 2.9\tex\latex\00miktex\hyperref.
cfg"
File: hyperref.cfg 2002/06/06 v1.2 hyperref configuration of TeXLive
)
Package hyperref Info: Option `final' set `true' on input line 4409.
Package hyperref Info: Option `unicode' set `true' on input line 4409.

("C:\Users\aglas\AppData\Local\Programs\MiKTeX 2.9\tex\latex\hyperref\puenc.def
"
File: puenc.def 2018/09/30 v6.88a Hyperref: PDF Unicode definition (HO)
)
Package hyperref Info: Hyper figures OFF on input line 4535.
Package hyperref Info: Link nesting OFF on input line 4540.
Package hyperref Info: Hyper index ON on input line 4543.
Package hyperref Info: Plain pages OFF on input line 4550.
Package hyperref Info: Backreferencing OFF on input line 4555.
Package hyperref Info: Implicit mode ON; LaTeX internals redefined.
Package hyperref Info: Bookmarks ON on input line 4788.
\c@Hy@tempcnt=\count279
LaTeX Info: Redefining \url on input line 5141.
\XeTeXLinkMargin=\dimen199
\Fld@menulength=\count280
\Field@Width=\dimen256
\Fld@charsize=\dimen257
Package hyperref Info: Hyper figures OFF on input line 6396.
Package hyperref Info: Link nesting OFF on input line 6401.
Package hyperref Info: Hyper index ON on input line 6404.
Package hyperref Info: backreferencing OFF on input line 6411.
Package hyperref Info: Link coloring OFF on input line 6416.
Package hyperref Info: Link coloring with OCG OFF on input line 6421.
Package hyperref Info: PDF/A mode OFF on input line 6426.
LaTeX Info: Redefining \ref on input line 6466.
LaTeX Info: Redefining \pageref on input line 6470.
\Hy@abspage=\count281
\c@Item=\count282
\c@Hfootnote=\count283
)
Package hyperref Info: Driver (autodetected): hxetex.

("C:\Users\aglas\AppData\Local\Programs\MiKTeX 2.9\tex\latex\hyperref\hxetex.de
f"
File: hxetex.def 2018/09/30 v6.88a Hyperref driver for XeTeX

("C:\Users\aglas\AppData\Local\Programs\MiKTeX 2.9\tex\generic\oberdiek\stringe
nc.sty"
Package: stringenc 2016/05/16 v1.11 Convert strings between diff. encodings (HO
)
)
\pdfm@box=\box55
\c@Hy@AnnotLevel=\count284
\HyField@AnnotCount=\count285
\Fld@listcount=\count286
\c@bookmark@seq@number=\count287

("C:\Users\aglas\AppData\Local\Programs\MiKTeX 2.9\tex\latex\oberdiek\rerunfile
check.sty"
Package: rerunfilecheck 2016/05/16 v1.8 Rerun checks for auxiliary files (HO)
Package uniquecounter Info: New unique counter `rerunfilecheck' on input line 2
82.
)
\Hy@SectionHShift=\skip79
)
Package hyperref Info: Option `breaklinks' set `true' on input line 34.
Package hyperref Info: Option `bookmarksopen' set `true' on input line 34.
 ("Aadil Glasswala Resume.aux")
\openout1 = `"Aadil Glasswala Resume.aux"'.

LaTeX Font Info:    Checking defaults for OML/cmm/m/it on input line 34.
LaTeX Font Info:    ... okay on input line 34.
LaTeX Font Info:    Checking defaults for T1/cmr/m/n on input line 34.
LaTeX Font Info:    ... okay on input line 34.
LaTeX Font Info:    Checking defaults for OT1/cmr/m/n on input line 34.
LaTeX Font Info:    ... okay on input line 34.
LaTeX Font Info:    Checking defaults for OMS/cmsy/m/n on input line 34.
LaTeX Font Info:    ... okay on input line 34.
LaTeX Font Info:    Checking defaults for TU/lmr/m/n on input line 34.
LaTeX Font Info:    ... okay on input line 34.
LaTeX Font Info:    Checking defaults for OMX/cmex/m/n on input line 34.
LaTeX Font Info:    ... okay on input line 34.
LaTeX Font Info:    Checking defaults for U/cmr/m/n on input line 34.
LaTeX Font Info:    ... okay on input line 34.
LaTeX Font Info:    Checking defaults for PD1/pdf/m/n on input line 34.
LaTeX Font Info:    ... okay on input line 34.
LaTeX Font Info:    Checking defaults for PU/pdf/m/n on input line 34.
LaTeX Font Info:    ... okay on input line 34.
LaTeX Info: Redefining \microtypecontext on input line 34.
Package microtype Info: Character protrusion enabled (level 2).
Package microtype Info: Using default protrusion set `alltext'.
Package microtype Info: No adjustment of tracking.
Package microtype Info: No adjustment of spacing.
Package microtype Info: No adjustment of kerning.

("C:\Users\aglas\AppData\Local\Programs\MiKTeX 2.9\tex\latex\microtype\mt-cmr.c
fg"
File: mt-cmr.cfg 2013/05/19 v2.2 microtype config. file: Computer Modern Roman 
(RS)
)
Package microtype Info: Loading generic protrusion settings for font family
(microtype)             `lmr' (encoding: TU).
(microtype)             For optimal results, create family-specific settings.
(microtype)             See the microtype manual for details.
 ABD: EveryShipout initializing macros
*geometry* detected driver: pdftex
*geometry* verbose mode - [ preamble ] result:
* driver: pdftex
* paper: letterpaper
* layout: <same size as paper>
* layoutoffset:(h,v)=(0.0pt,0.0pt)
* modes: 
* h-part:(L,W,R)=(46.07025pt, 522.1545pt, 46.07025pt)
* v-part:(T,H,B)=(47.69626pt, 675.72934pt, 71.54439pt)
* \paperwidth=614.295pt
* \paperheight=794.96999pt
* \textwidth=522.1545pt
* \textheight=675.72934pt
* \oddsidemargin=-26.19974pt
* \evensidemargin=-26.19974pt
* \topmargin=-61.57373pt
* \headheight=12.0pt
* \headsep=25.0pt
* \topskip=11.0pt
* \footskip=30.0pt
* \marginparwidth=59.0pt
* \marginparsep=10.0pt
* \columnsep=10.0pt
* \skip\footins=10.0pt plus 4.0pt minus 2.0pt
* \hoffset=0.0pt
* \voffset=0.0pt
* \mag=1000
* \@twocolumnfalse
* \@twosidefalse
* \@mparswitchfalse
* \@reversemarginfalse
* (1in=72.27pt=25.4mm, 1cm=28.453pt)

\AtBeginShipoutBox=\box56
Package hyperref Info: Link coloring OFF on input line 34.

("C:\Users\aglas\AppData\Local\Programs\MiKTeX 2.9\tex\latex\hyperref\nameref.s
ty"
Package: nameref 2016/05/21 v2.44 Cross-referencing by name of section

("C:\Users\aglas\AppData\Local\Programs\MiKTeX 2.9\tex\generic\oberdiek\gettitl
estring.sty"
Package: gettitlestring 2016/05/16 v1.5 Cleanup title references (HO)
)
\c@section@level=\count288
)
LaTeX Info: Redefining \ref on input line 34.
LaTeX Info: Redefining \pageref on input line 34.
LaTeX Info: Redefining \nameref on input line 34.
 ("Aadil Glasswala Resume.out") ("Aadil Glasswala Resume.out")
\@outlinefile=\write4
\openout4 = `"Aadil Glasswala Resume.out"'.

\makecvheaddetailsbox=\box57
LaTeX Font Info:    Try loading font information for OT1+lmr on input line 37.

("C:\Users\aglas\AppData\Local\Programs\MiKTeX 2.9\tex\latex\lm\ot1lmr.fd"
File: ot1lmr.fd 2009/10/30 v1.6 Font defs for Latin Modern
)
LaTeX Font Info:    Try loading font information for OML+lmm on input line 37.

("C:\Users\aglas\AppData\Local\Programs\MiKTeX 2.9\tex\latex\lm\omllmm.fd"
File: omllmm.fd 2009/10/30 v1.6 Font defs for Latin Modern
)
LaTeX Font Info:    Try loading font information for OMS+lmsy on input line 37.


("C:\Users\aglas\AppData\Local\Programs\MiKTeX 2.9\tex\latex\lm\omslmsy.fd"
File: omslmsy.fd 2009/10/30 v1.6 Font defs for Latin Modern
)
LaTeX Font Info:    Try loading font information for OMX+lmex on input line 37.


("C:\Users\aglas\AppData\Local\Programs\MiKTeX 2.9\tex\latex\lm\omxlmex.fd"
File: omxlmex.fd 2009/10/30 v1.6 Font defs for Latin Modern
)
LaTeX Font Info:    External font `lmex10' loaded for size
(Font)              <10> on input line 37.
LaTeX Font Info:    External font `lmex10' loaded for size
(Font)              <7> on input line 37.
LaTeX Font Info:    External font `lmex10' loaded for size
(Font)              <5> on input line 37.

("C:\Users\aglas\AppData\Local\Programs\MiKTeX 2.9\tex\latex\microtype\mt-mvs.c
fg"
File: mt-mvs.cfg 2006/07/05 v1.1 microtype config. file: Marvosym Euro (RS)
)
\makecvheadpicturebox=\box58
\makecvheaddetailswidth=\skip80
\makecvheadpicturewidth=\skip81
\makecvheadnamebox=\box59

Underfull \hbox (badness 10000) in paragraph at lines 37--37

 []

LaTeX Font Info:    External font `lmex10' loaded for size
(Font)              <10.95> on input line 38.
LaTeX Font Info:    External font `lmex10' loaded for size
(Font)              <8> on input line 38.
LaTeX Font Info:    External font `lmex10' loaded for size
(Font)              <6> on input line 38.
[1

]
Package atveryend Info: Empty hook `BeforeClearDocument' on input line 87.
Package atveryend Info: Empty hook `AfterLastShipout' on input line 87.
 ("Aadil Glasswala Resume.aux")
Package atveryend Info: Empty hook `AtVeryEndDocument' on input line 87.
Package atveryend Info: Executing hook `AtEndAfterFileList' on input line 87.
Package rerunfilecheck Info: File `"Aadil Glasswala Resume".out' has not change
d.
(rerunfilecheck)             Checksum: .
 ) 
Here is how much of TeX's memory you used:
 31436 strings out of 427796
 611053 string characters out of 3147800
 754077 words of memory out of 3000000
 35090 multiletter control sequences out of 15000+200000
 558409 words of font info for 56 fonts, out of 3000000 for 9000
 1328 hyphenation exceptions out of 8191
 69i,15n,60p,813b,776s stack positions out of 5000i,500n,10000p,200000b,50000s

Output written on Aadil Glasswala Resume.pdf (1 page).
